nohup: ignoring input
MPS_CCQED+fb.py:303: RuntimeWarning: invalid value encountered in true_divide
  g2_exp1  = exp_sys(g2c,sys_state,1)/nc_exp1**2 #correlation function from the field in cavity 1
MPS_CCQED+fb.py:304: RuntimeWarning: invalid value encountered in true_divide
  g2_exp2  = exp_sys(g2c,sys_state,2)/nc_exp2**2 #correlation function from the field in cavity 2
Traceback (most recent call last):
  File "/home/nnem614/Documents/anaconda3/envs/py35/bin/kernprof", line 11, in <module>
    sys.exit(main())
  File "/home/nnem614/Documents/anaconda3/envs/py35/lib/python3.5/site-packages/kernprof.py", line 222, in main
    execfile(script_file, ns, ns)
  File "/home/nnem614/Documents/anaconda3/envs/py35/lib/python3.5/site-packages/kernprof.py", line 35, in execfile
    exec_(compile(f.read(), filename, 'exec'), globals, locals)
  File "MPS_CCQED+fb.py", line 286, in <module>
    statesF = SWAP_U(M,L,statesF,tol)
  File "/home/nnem614/Documents/Research/Jupyter/MPS/MPS_fund_therm.py", line 483, in SWAP_U
    svded,link_dim  = SVD_sig(merged,tol) #indices->Av,vv,vB
  File "/home/nnem614/Documents/Research/Jupyter/MPS/MPS_fund_therm.py", line 28, in SVD_sig
    svd_init  = svd(block,full_matrices=False)
  File "/home/nnem614/Documents/anaconda3/envs/py35/lib/python3.5/site-packages/scipy/linalg/decomp_svd.py", line 129, in svd
    full_matrices=full_matrices, overwrite_a=overwrite_a)
MemoryError
