statesS [array([ 0.+0.j,  1.+0.j,  0.+0.j,  0.+0.j,  0.+0.j]), array([ 1.+0.j,  0.+0.j,  0.+0.j,  0.+0.j,  0.+0.j])]
sigmaz [[-1.+0.j  0.+0.j  0.+0.j  0.+0.j  0.+0.j]
 [ 0.+0.j  1.+0.j  0.+0.j  0.+0.j  0.+0.j]
 [ 0.+0.j  0.+0.j -1.+0.j  0.+0.j  0.+0.j]
 [ 0.+0.j  0.+0.j  0.+0.j  1.+0.j  0.+0.j]
 [ 0.+0.j  0.+0.j  0.+0.j  0.+0.j -1.+0.j]]
nc [[0 0 0 0 0]
 [0 0 0 0 0]
 [0 0 1 0 0]
 [0 0 0 1 0]
 [0 0 0 0 2]]
M = 0  out of  189
M= 0 , F1: (2, 3, 2) , B1: (2, 3) , S1: (2, 2, 5, 2)
M= 0 , F2: (2, 3, 2) , B2: (3, 3) , S2: (2, 3, 5, 2)
sys_state (1, 3, 2, 5, 2, 3, 3, 5) F1 (1+0j) F2 (2+0j) S1 (0.999995375+0j) S2 (4+0j)
M= 1 , F1: (2, 3, 2) , B1: (2, 3, 2) , S1: (1, 2, 2, 5, 2)
M= 1 , F2: (2, 3, 2) , B2: (3, 3, 3) , S2: (2, 3, 5, 2, 2)
sys_state (1, 3, 2, 5, 4, 3, 3, 5) F1 (2+0j) F2 (4+0j) S1 (0.999941478807+0j) S2 (3.99999999748+0j)
M= 2 , F1: (2, 3, 2) , B1: (2, 3, 2) , S1: (1, 2, 2, 5, 2)
M= 2 , F2: (2, 3, 3) , B2: (3, 3, 3) , S2: (2, 3, 5, 3, 4)
sys_state (2, 3, 2, 5, 4, 3, 3, 5) F1 (3+0j) F2 (3.96630784697+0j) S1 (0.999839869802+0j) S2 (3.99999998029+0j)
M= 3 , F1: (2, 3, 2) , B1: (2, 3, 2) , S1: (2, 2, 2, 5, 2)
M= 3 , F2: (2, 3, 4) , B2: (2, 3, 3) , S2: (2, 2, 5, 4, 4)
sys_state (2, 3, 2, 5, 4, 3, 2, 5) F1 (4+0j) F2 (3.93347693709+0j) S1 (0.999692543834+0j) S2 (3.99999999999+0j)
M= 4 , F1: (2, 3, 2) , B1: (2, 3, 2) , S1: (2, 2, 2, 5, 2)
M= 4 , F2: (2, 3, 3) , B2: (3, 3, 2) , S2: (2, 3, 5, 3, 4)
sys_state (2, 3, 2, 5, 4, 3, 3, 5) F1 (2.99999999992+0j) F2 (3.94693855333+0j) S1 (0.999501901191+0j) S2 (3.99999902598+0j)
M= 5 , F1: (2, 3, 2) , B1: (2, 3, 2) , S1: (2, 2, 2, 5, 2)
M= 5 , F2: (2, 3, 2) , B2: (1, 3, 3) , S2: (2, 1, 5, 2, 4)
sys_state (1, 3, 2, 5, 4, 3, 1, 5) F1 (1.99999999898+0j) F2 (2.00000000404+0j) S1 (0.999270711232+0j) S2 (3.99999999183+0j)
M= 6 , F1: (2, 3, 2) , B1: (2, 3, 2) , S1: (1, 2, 2, 5, 2)
M= 6 , F2: (2, 3, 4) , B2: (2, 3, 1) , S2: (2, 2, 5, 4, 4)
sys_state (3, 3, 2, 5, 4, 3, 2, 5) F1 (4+0j) F2 (4+0j) S1 (0.999002069749+0j) S2 (3.99999995355+0j)
M= 7 , F1: (2, 3, 2) , B1: (2, 3, 2) , S1: (3, 2, 2, 5, 2)
M= 7 , F2: (2, 3, 2) , B2: (1, 3, 2) , S2: (2, 1, 5, 2, 4)
sys_state (1, 3, 2, 5, 4, 3, 1, 5) F1 (1.99999999997+0j) F2 (2+0j) S1 (0.998699366554+0j) S2 (4+0j)
M= 8 , F1: (2, 3, 2) , B1: (2, 3, 2) , S1: (1, 2, 2, 5, 2)
M= 8 , F2: (2, 3, 3) , B2: (2, 3, 1) , S2: (2, 2, 5, 3, 4)
sys_state (2, 3, 2, 5, 4, 3, 2, 5) F1 (2.9999997916+0j) F2 (3.99999999999+0j) S1 (0.998366233903+0j) S2 (3.99999974847+0j)
M= 9 , F1: (2, 3, 2) , B1: (2, 3, 2) , S1: (2, 2, 2, 5, 2)
M= 9 , F2: (2, 3, 2) , B2: (1, 3, 2) , S2: (2, 1, 5, 2, 4)
sys_state (1, 3, 2, 5, 4, 3, 1, 5) F1 (1.99999997371+0j) F2 (2+0j) S1 (0.998006520164+0j) S2 (4+0j)
M= 10 , F1: (2, 3, 2) , B1: (2, 3, 2) , S1: (1, 2, 2, 5, 2)
M= 10 , F2: (2, 3, 4) , B2: (2, 3, 1) , S2: (2, 2, 5, 4, 4)
sys_state (3, 3, 2, 5, 4, 3, 2, 5) F1 (4+0j) F2 (3.99896268842+0j) S1 (0.99762416843+0j) S2 (3.99999780655+0j)
M= 11 , F1: (2, 3, 2) , B1: (2, 3, 2) , S1: (3, 2, 2, 5, 2)
M= 11 , F2: (2, 3, 4) , B2: (3, 3, 2) , S2: (2, 3, 5, 4, 4)
sys_state (4, 3, 2, 5, 6, 3, 3, 5) F1 (3.9999999309+0j) F2 (3.0019732246+0j) S1 (0.997226119484+0j) S2 (3.99999826869+0j)
M= 12 , F1: (2, 3, 2) , B1: (2, 3, 2) , S1: (4, 2, 2, 5, 2)
M= 12 , F2: (2, 3, 5) , B2: (4, 3, 3) , S2: (2, 4, 5, 5, 6)
sys_state (6, 3, 2, 5, 8, 3, 4, 5) F1 (5.00378121322+0j) F2 (4.00011665628+0j) S1 (0.996811191619+0j) S2 (3.99999877663+0j)
M= 13 , F1: (2, 3, 2) , B1: (2, 3, 2) , S1: (6, 2, 2, 5, 2)
M= 13 , F2: (2, 3, 5) , B2: (4, 3, 4) , S2: (2, 4, 5, 5, 8)
sys_state (6, 3, 2, 5, 10, 3, 4, 5) F1 (5.01322150252+0j) F2 (3.99855053361+0j) S1 (0.99638579754+0j) S2 (3.99999699741+0j)
M= 14 , F1: (2, 3, 2) , B1: (2, 3, 2) , S1: (6, 2, 2, 5, 2)
M= 14 , F2: (2, 3, 6) , B2: (5, 3, 4) , S2: (2, 5, 5, 6, 10)
sys_state (6, 3, 2, 5, 12, 3, 5, 5) F1 (5.99999997869+0j) F2 (3.99719212875+0j) S1 (0.995954572075+0j) S2 (3.99999556441+0j)
M= 15 , F1: (2, 3, 2) , B1: (2, 3, 2) , S1: (6, 2, 2, 5, 2)
M= 15 , F2: (2, 3, 6) , B2: (6, 3, 5) , S2: (2, 6, 5, 6, 12)
sys_state (6, 3, 2, 5, 14, 3, 6, 5) F1 (5.99999999976+0j) F2 (3.9969093911+0j) S1 (0.995521136131+0j) S2 (3.99999669561+0j)
M= 16 , F1: (2, 3, 2) , B1: (2, 3, 2) , S1: (6, 2, 2, 5, 2)
M= 16 , F2: (2, 3, 6) , B2: (6, 3, 6) , S2: (2, 6, 5, 6, 14)
sys_state (6, 3, 2, 5, 12, 3, 6, 5) F1 (5.9999999947+0j) F2 (3.99278116483+0j) S1 (0.995090249037+0j) S2 (3.99999535504+0j)
M= 17 , F1: (2, 3, 2) , B1: (2, 3, 2) , S1: (6, 2, 2, 5, 2)
M= 17 , F2: (2, 3, 6) , B2: (7, 3, 6) , S2: (2, 7, 5, 6, 12)
sys_state (6, 3, 2, 5, 14, 3, 7, 5) F1 (5.99999999877+0j) F2 (3.99724502552+0j) S1 (0.994665587831+0j) S2 (3.99999659068+0j)
M= 18 , F1: (2, 3, 2) , B1: (2, 3, 2) , S1: (6, 2, 2, 5, 2)
M= 18 , F2: (2, 3, 6) , B2: (7, 3, 7) , S2: (2, 7, 5, 6, 14)
sys_state (6, 3, 2, 5, 13, 3, 7, 5) F1 (5.99999999705+0j) F2 (3.98985452851+0j) S1 (0.994250726975+0j) S2 (3.99999589281+0j)
M= 19 , F1: (2, 3, 2) , B1: (2, 3, 2) , S1: (6, 2, 2, 5, 2)
M= 19 , F2: (2, 3, 6) , B2: (8, 3, 7) , S2: (2, 8, 5, 6, 13)
M = 20  out of  189
sys_state (6, 3, 2, 5, 14, 3, 8, 5) F1 (5.99999999632+0j) F2 (3.99368955947+0j) S1 (0.993849260057+0j) S2 (3.99999644123+0j)
M= 20 , F1: (2, 3, 2) , B1: (2, 3, 2) , S1: (6, 2, 2, 5, 2)
M= 20 , F2: (2, 3, 6) , B2: (8, 3, 8) , S2: (2, 8, 5, 6, 14)
sys_state (6, 3, 2, 5, 16, 3, 8, 5) F1 (5.99999999398+0j) F2 (3.9932368935+0j) S1 (0.993464478648+0j) S2 (3.9999955313+0j)
M= 21 , F1: (2, 3, 2) , B1: (2, 3, 2) , S1: (6, 2, 2, 5, 2)
M= 21 , F2: (2, 3, 6) , B2: (9, 3, 8) , S2: (2, 9, 5, 6, 16)
sys_state (6, 3, 2, 5, 15, 3, 9, 5) F1 (5.99999999119+0j) F2 (3.99137024672+0j) S1 (0.993099643763+0j) S2 (3.99999565315+0j)
M= 22 , F1: (2, 3, 2) , B1: (2, 3, 2) , S1: (6, 2, 2, 5, 2)
M= 22 , F2: (2, 3, 6) , B2: (11, 3, 9) , S2: (2, 11, 5, 6, 15)
sys_state (6, 3, 2, 5, 8, 3, 11, 5) F1 (5.99999999879+0j) F2 (3.99939072384+0j) S1 (0.992757861964+0j) S2 (3.99999560407+0j)
M= 23 , F1: (2, 3, 2) , B1: (2, 3, 2) , S1: (6, 2, 2, 5, 2)
M= 23 , F2: (2, 3, 6) , B2: (12, 3, 11) , S2: (2, 12, 5, 6, 8)
sys_state (6, 3, 2, 5, 4, 3, 12, 5) F1 (5.99999999718+0j) F2 (3.99999729701+0j) S1 (0.992441969373+0j) S2 (3.9999981116+0j)
M= 24 , F1: (2, 3, 2) , B1: (2, 3, 2) , S1: (6, 2, 2, 5, 2)
M= 24 , F2: (2, 3, 6) , B2: (11, 3, 12) , S2: (2, 11, 5, 6, 4)
sys_state (6, 3, 2, 5, 4, 3, 11, 5) F1 (5.99999999912+0j) F2 (3.99999990917+0j) S1 (0.992154031833+0j) S2 (3.99999938492+0j)
M= 25 , F1: (2, 3, 2) , B1: (2, 3, 2) , S1: (6, 2, 2, 5, 2)
M= 25 , F2: (2, 3, 6) , B2: (11, 3, 11) , S2: (2, 11, 5, 6, 4)
sys_state (6, 3, 2, 5, 4, 3, 11, 5) F1 (5.99999999873+0j) F2 (3.99999996975+0j) S1 (0.99189588414+0j) S2 (3.99999932518+0j)
M= 26 , F1: (2, 3, 2) , B1: (2, 3, 2) , S1: (6, 2, 2, 5, 2)
M= 26 , F2: (2, 3, 5) , B2: (11, 3, 11) , S2: (2, 11, 5, 5, 4)
sys_state (5, 3, 2, 5, 4, 3, 11, 5) F1 (4.80720405836+0j) F2 (3.99999998778+0j) S1 (0.99166879235+0j) S2 (3.99999960487+0j)
M= 27 , F1: (2, 3, 2) , B1: (2, 3, 2) , S1: (5, 2, 2, 5, 2)
M= 27 , F2: (2, 3, 4) , B2: (6, 3, 11) , S2: (2, 6, 5, 4, 4)
sys_state (5, 3, 2, 5, 4, 3, 6, 5) F1 (3.99998661814+0j) F2 (3.99999989562+0j) S1 (0.99147353445+0j) S2 (3.99999888882+0j)
M= 28 , F1: (2, 3, 2) , B1: (2, 3, 2) , S1: (5, 2, 2, 5, 2)
M= 28 , F2: (2, 3, 5) , B2: (7, 3, 6) , S2: (2, 7, 5, 5, 4)
sys_state (6, 3, 2, 5, 4, 3, 7, 5) F1 (4.84043372307+0j) F2 (3.99999997032+0j) S1 (0.991310565469+0j) S2 (3.99999954903+0j)
M= 29 , F1: (2, 3, 2) , B1: (2, 3, 2) , S1: (6, 2, 2, 5, 2)
M= 29 , F2: (2, 3, 5) , B2: (8, 3, 7) , S2: (2, 8, 5, 5, 4)
sys_state (6, 3, 2, 5, 6, 3, 8, 5) F1 (4.93032348276+0j) F2 (4.00000362783+0j) S1 (0.991179878769+0j) S2 (3.99999980321+0j)
M= 30 , F1: (2, 3, 2) , B1: (2, 3, 2) , S1: (6, 2, 2, 5, 2)
M= 30 , F2: (2, 3, 5) , B2: (9, 3, 8) , S2: (2, 9, 5, 5, 6)
sys_state (6, 3, 2, 5, 6, 3, 9, 5) F1 (4.97669741339+0j) F2 (3.9997808732+0j) S1 (0.991081062326+0j) S2 (3.99999867719+0j)
M= 31 , F1: (2, 3, 2) , B1: (2, 3, 2) , S1: (6, 2, 2, 5, 2)
M= 31 , F2: (2, 3, 5) , B2: (8, 3, 9) , S2: (2, 8, 5, 5, 6)
sys_state (6, 3, 2, 5, 6, 3, 8, 5) F1 (4.83509027302+0j) F2 (4.00011776721+0j) S1 (0.991013375518+0j) S2 (3.99999815757+0j)
M= 32 , F1: (2, 3, 2) , B1: (2, 3, 2) , S1: (6, 2, 2, 5, 2)
M= 32 , F2: (2, 3, 5) , B2: (9, 3, 8) , S2: (2, 9, 5, 5, 6)
sys_state (6, 3, 2, 5, 8, 3, 9, 5) F1 (4.8269721346+0j) F2 (3.99893398971+0j) S1 (0.990975841715+0j) S2 (3.99999645933+0j)
M= 33 , F1: (2, 3, 2) , B1: (2, 3, 2) , S1: (6, 2, 2, 5, 2)
M= 33 , F2: (2, 3, 5) , B2: (8, 3, 9) , S2: (2, 8, 5, 5, 8)
sys_state (6, 3, 2, 5, 8, 3, 8, 5) F1 (4.90741954512+0j) F2 (3.99974612912+0j) S1 (0.990967395584+0j) S2 (3.99999549486+0j)
M= 34 , F1: (2, 3, 2) , B1: (2, 3, 2) , S1: (6, 2, 2, 5, 2)
M= 34 , F2: (2, 3, 5) , B2: (9, 3, 8) , S2: (2, 9, 5, 5, 8)
sys_state (6, 3, 2, 5, 9, 3, 9, 5) F1 (4.8127916002+0j) F2 (3.99889734341+0j) S1 (0.990986285518+0j) S2 (3.99999664143+0j)
M= 35 , F1: (2, 3, 2) , B1: (2, 3, 2) , S1: (6, 2, 2, 5, 2)
M= 35 , F2: (2, 3, 6) , B2: (10, 3, 9) , S2: (2, 10, 5, 6, 9)
sys_state (6, 3, 2, 5, 10, 3, 10, 5) F1 (5.99999999195+0j) F2 (3.99960072514+0j) S1 (0.991030994306+0j) S2 (3.99999464744+0j)
M= 36 , F1: (2, 3, 2) , B1: (2, 3, 2) , S1: (6, 2, 2, 5, 2)
M= 36 , F2: (2, 3, 6) , B2: (12, 3, 10) , S2: (2, 12, 5, 6, 10)
sys_state (6, 3, 2, 5, 6, 3, 12, 5) F1 (5.99999999735+0j) F2 (3.99998107769+0j) S1 (0.991099960476+0j) S2 (3.99999673166+0j)
M= 37 , F1: (2, 3, 2) , B1: (2, 3, 2) , S1: (6, 2, 2, 5, 2)
M= 37 , F2: (2, 3, 6) , B2: (12, 3, 12) , S2: (2, 12, 5, 6, 6)
sys_state (6, 3, 2, 5, 4, 3, 12, 5) F1 (5.99999999868+0j) F2 (3.99999661721+0j) S1 (0.991191137565+0j) S2 (3.99999708797+0j)
M= 38 , F1: (2, 3, 2) , B1: (2, 3, 2) , S1: (6, 2, 2, 5, 2)
M= 38 , F2: (2, 3, 6) , B2: (10, 3, 12) , S2: (2, 10, 5, 6, 4)
sys_state (6, 3, 2, 5, 4, 3, 10, 5) F1 (5.99999999499+0j) F2 (3.99999962039+0j) S1 (0.991302560003+0j) S2 (3.99999905706+0j)
M= 39 , F1: (2, 3, 2) , B1: (2, 3, 2) , S1: (6, 2, 2, 5, 2)
M= 39 , F2: (2, 3, 5) , B2: (11, 3, 10) , S2: (2, 11, 5, 5, 4)
M = 40  out of  189
sys_state (6, 3, 2, 5, 4, 3, 11, 5) F1 (4.93203379481+0j) F2 (3.99999998213+0j) S1 (0.991432148305+0j) S2 (3.99999874265+0j)
M= 40 , F1: (2, 3, 2) , B1: (2, 3, 2) , S1: (6, 2, 2, 5, 2)
M= 40 , F2: (2, 3, 5) , B2: (8, 3, 11) , S2: (2, 8, 5, 5, 4)
sys_state (6, 3, 2, 5, 4, 3, 8, 5) F1 (5.16977261425+0j) F2 (3.99999999287+0j) S1 (0.991577740728+0j) S2 (3.99999898378+0j)
M= 41 , F1: (2, 3, 2) , B1: (2, 3, 2) , S1: (6, 2, 2, 5, 2)
M= 41 , F2: (2, 3, 5) , B2: (8, 3, 8) , S2: (2, 8, 5, 5, 4)
sys_state (6, 3, 2, 5, 4, 3, 8, 5) F1 (4.76497038516+0j) F2 (4.00000000008+0j) S1 (0.991736914158+0j) S2 (3.99999972844+0j)
M= 42 , F1: (2, 3, 2) , B1: (2, 3, 2) , S1: (6, 2, 2, 5, 2)
M= 42 , F2: (2, 3, 5) , B2: (8, 3, 8) , S2: (2, 8, 5, 5, 4)
sys_state (6, 3, 2, 5, 4, 3, 8, 5) F1 (5.2012372033+0j) F2 (4.00000000039+0j) S1 (0.991907351675+0j) S2 (3.99999911631+0j)
M= 43 , F1: (2, 3, 2) , B1: (2, 3, 2) , S1: (6, 2, 2, 5, 2)
M= 43 , F2: (2, 3, 5) , B2: (8, 3, 8) , S2: (2, 8, 5, 5, 4)
sys_state (6, 3, 2, 5, 4, 3, 8, 5) F1 (5.21026049203+0j) F2 (3.99999999882+0j) S1 (0.99208665095+0j) S2 (3.99999906483+0j)
M= 44 , F1: (2, 3, 2) , B1: (2, 3, 2) , S1: (6, 2, 2, 5, 2)
M= 44 , F2: (2, 3, 4) , B2: (6, 3, 8) , S2: (2, 6, 5, 4, 4)
sys_state (5, 3, 2, 5, 4, 3, 6, 5) F1 (3.99982468443+0j) F2 (3.99999958367+0j) S1 (0.992272484725+0j) S2 (3.99999946332+0j)
M= 45 , F1: (2, 3, 2) , B1: (2, 3, 2) , S1: (5, 2, 2, 5, 2)
M= 45 , F2: (2, 3, 5) , B2: (7, 3, 6) , S2: (2, 7, 5, 5, 4)
sys_state (6, 3, 2, 5, 4, 3, 7, 5) F1 (4.75359448261+0j) F2 (3.99999988044+0j) S1 (0.992462515659+0j) S2 (3.99999964887+0j)
M= 46 , F1: (2, 3, 2) , B1: (2, 3, 2) , S1: (6, 2, 2, 5, 2)
M= 46 , F2: (2, 3, 5) , B2: (8, 3, 7) , S2: (2, 8, 5, 5, 4)
sys_state (6, 3, 2, 5, 4, 3, 8, 5) F1 (5.08289778083+0j) F2 (3.99999998465+0j) S1 (0.992654701371+0j) S2 (3.999999667+0j)
M= 47 , F1: (2, 3, 2) , B1: (2, 3, 2) , S1: (6, 2, 2, 5, 2)
M= 47 , F2: (2, 3, 5) , B2: (8, 3, 8) , S2: (2, 8, 5, 5, 4)
sys_state (6, 3, 2, 5, 4, 3, 8, 5) F1 (5.09474591415+0j) F2 (3.9999999975+0j) S1 (0.992846960955+0j) S2 (3.99999927807+0j)
M= 48 , F1: (2, 3, 2) , B1: (2, 3, 2) , S1: (6, 2, 2, 5, 2)
M= 48 , F2: (2, 3, 5) , B2: (8, 3, 8) , S2: (2, 8, 5, 5, 4)
sys_state (6, 3, 2, 5, 4, 3, 8, 5) F1 (5.11421620357+0j) F2 (4.0000000023+0j) S1 (0.993037391808+0j) S2 (3.99999938824+0j)
M= 49 , F1: (2, 3, 2) , B1: (2, 3, 2) , S1: (6, 2, 2, 5, 2)
M= 49 , F2: (2, 3, 5) , B2: (8, 3, 8) , S2: (2, 8, 5, 5, 4)
sys_state (6, 3, 2, 5, 4, 3, 8, 5) F1 (5.06461716721+0j) F2 (3.99999999526+0j) S1 (0.993224306299+0j) S2 (3.99999971441+0j)
M= 50 , F1: (2, 3, 2) , B1: (2, 3, 2) , S1: (6, 2, 2, 5, 2)
M= 50 , F2: (2, 3, 5) , B2: (8, 3, 8) , S2: (2, 8, 5, 5, 4)
sys_state (6, 3, 2, 5, 4, 3, 8, 5) F1 (5.11775087904+0j) F2 (3.99999999925+0j) S1 (0.993406090391+0j) S2 (3.9999999073+0j)
M= 51 , F1: (2, 3, 2) , B1: (2, 3, 2) , S1: (6, 2, 2, 5, 2)
M= 51 , F2: (2, 3, 5) , B2: (8, 3, 8) , S2: (2, 8, 5, 5, 4)
sys_state (6, 3, 2, 5, 4, 3, 8, 5) F1 (5.15767761014+0j) F2 (3.99999999756+0j) S1 (0.993581561188+0j) S2 (3.99999988642+0j)
M= 52 , F1: (2, 3, 2) , B1: (2, 3, 2) , S1: (6, 2, 2, 5, 2)
M= 52 , F2: (2, 3, 5) , B2: (8, 3, 8) , S2: (2, 8, 5, 5, 4)
sys_state (6, 3, 2, 5, 4, 3, 8, 5) F1 (5.18236152844+0j) F2 (3.99999999995+0j) S1 (0.993749932239+0j) S2 (3.99999955248+0j)
M= 53 , F1: (2, 3, 2) , B1: (2, 3, 2) , S1: (6, 2, 2, 5, 2)
M= 53 , F2: (2, 3, 5) , B2: (8, 3, 8) , S2: (2, 8, 5, 5, 4)
sys_state (6, 3, 2, 5, 4, 3, 8, 5) F1 (5.20065767133+0j) F2 (3.99999999995+0j) S1 (0.993910635747+0j) S2 (3.99999923181+0j)
M= 54 , F1: (2, 3, 2) , B1: (2, 3, 2) , S1: (6, 2, 2, 5, 2)
M= 54 , F2: (2, 3, 5) , B2: (8, 3, 8) , S2: (2, 8, 5, 5, 4)
sys_state (6, 3, 2, 5, 4, 3, 8, 5) F1 (4.9965495528+0j) F2 (4.00000000068+0j) S1 (0.994063294585+0j) S2 (3.99999977523+0j)
M= 55 , F1: (2, 3, 2) , B1: (2, 3, 2) , S1: (6, 2, 2, 5, 2)
M= 55 , F2: (2, 3, 5) , B2: (7, 3, 8) , S2: (2, 7, 5, 5, 4)
sys_state (6, 3, 2, 5, 4, 3, 7, 5) F1 (5.18892665467+0j) F2 (4.00000000063+0j) S1 (0.994207692014+0j) S2 (3.99999953173+0j)
M= 56 , F1: (2, 3, 2) , B1: (2, 3, 2) , S1: (6, 2, 2, 5, 2)
M= 56 , F2: (2, 3, 5) , B2: (8, 3, 7) , S2: (2, 8, 5, 5, 4)
sys_state (6, 3, 2, 5, 4, 3, 8, 5) F1 (4.99271433025+0j) F2 (3.99999999998+0j) S1 (0.994343762459+0j) S2 (3.99999933357+0j)
M= 57 , F1: (2, 3, 2) , B1: (2, 3, 2) , S1: (6, 2, 2, 5, 2)
M= 57 , F2: (2, 3, 5) , B2: (7, 3, 8) , S2: (2, 7, 5, 5, 4)
sys_state (6, 3, 2, 5, 4, 3, 7, 5) F1 (5.19171176047+0j) F2 (3.99999999998+0j) S1 (0.99447155707+0j) S2 (3.99999957866+0j)
M= 58 , F1: (2, 3, 2) , B1: (2, 3, 2) , S1: (6, 2, 2, 5, 2)
M= 58 , F2: (2, 3, 4) , B2: (6, 3, 7) , S2: (2, 6, 5, 4, 4)
sys_state (4, 3, 2, 5, 4, 3, 6, 5) F1 (3.99999949397+0j) F2 (3.99999999999+0j) S1 (0.994591187269+0j) S2 (3.99999953766+0j)
M= 59 , F1: (2, 3, 2) , B1: (2, 3, 2) , S1: (4, 2, 2, 5, 2)
M= 59 , F2: (2, 3, 5) , B2: (7, 3, 6) , S2: (2, 7, 5, 5, 4)
M = 60  out of  189
sys_state (6, 3, 2, 5, 4, 3, 7, 5) F1 (5.19528045843+0j) F2 (4.00000000122+0j) S1 (0.994703016693+0j) S2 (3.99999990851+0j)
M= 60 , F1: (2, 3, 2) , B1: (2, 3, 2) , S1: (6, 2, 2, 5, 2)
M= 60 , F2: (2, 3, 5) , B2: (8, 3, 7) , S2: (2, 8, 5, 5, 4)
sys_state (6, 3, 2, 5, 4, 3, 8, 5) F1 (4.88765236282+0j) F2 (4.00000000001+0j) S1 (0.994807189946+0j) S2 (3.99999979773+0j)
M= 61 , F1: (2, 3, 2) , B1: (2, 3, 2) , S1: (6, 2, 2, 5, 2)
M= 61 , F2: (2, 3, 5) , B2: (8, 3, 8) , S2: (2, 8, 5, 5, 4)
sys_state (6, 3, 2, 5, 4, 3, 8, 5) F1 (4.95782822813+0j) F2 (4.00000000004+0j) S1 (0.994903828069+0j) S2 (3.99999986217+0j)
M= 62 , F1: (2, 3, 2) , B1: (2, 3, 2) , S1: (6, 2, 2, 5, 2)
M= 62 , F2: (2, 3, 5) , B2: (8, 3, 8) , S2: (2, 8, 5, 5, 4)
sys_state (6, 3, 2, 5, 4, 3, 8, 5) F1 (4.86718803991+0j) F2 (4.00000000005+0j) S1 (0.994993051459+0j) S2 (3.99999945649+0j)
M= 63 , F1: (2, 3, 2) , B1: (2, 3, 2) , S1: (6, 2, 2, 5, 2)
M= 63 , F2: (2, 3, 5) , B2: (7, 3, 8) , S2: (2, 7, 5, 5, 4)
sys_state (6, 3, 2, 5, 4, 3, 7, 5) F1 (4.8164200899+0j) F2 (4+0j) S1 (0.9950750234+0j) S2 (3.99999930426+0j)
M= 64 , F1: (2, 3, 2) , B1: (2, 3, 2) , S1: (6, 2, 2, 5, 2)
M= 64 , F2: (2, 3, 4) , B2: (5, 3, 7) , S2: (2, 5, 5, 4, 4)
sys_state (5, 3, 2, 5, 4, 3, 5, 5) F1 (4.00000003221+0j) F2 (4.0000000003+0j) S1 (0.99515007503+0j) S2 (3.99999977687+0j)
M= 65 , F1: (2, 3, 2) , B1: (2, 3, 2) , S1: (5, 2, 2, 5, 2)
M= 65 , F2: (2, 3, 5) , B2: (6, 3, 5) , S2: (2, 6, 5, 5, 4)
sys_state (6, 3, 2, 5, 4, 3, 6, 5) F1 (4.8324795129+0j) F2 (3.99290676651+0j) S1 (0.995218487293+0j) S2 (3.99999867028+0j)
M= 66 , F1: (2, 3, 2) , B1: (2, 3, 2) , S1: (6, 2, 2, 5, 2)
M= 66 , F2: (2, 3, 5) , B2: (7, 3, 6) , S2: (2, 7, 5, 5, 4)
sys_state (6, 3, 2, 5, 6, 3, 7, 5) F1 (4.90857522952+0j) F2 (4.00000534256+0j) S1 (0.995280594521+0j) S2 (3.99999961564+0j)
M= 67 , F1: (2, 3, 2) , B1: (2, 3, 2) , S1: (6, 2, 2, 5, 2)
M= 67 , F2: (2, 3, 5) , B2: (7, 3, 7) , S2: (2, 7, 5, 5, 6)
sys_state (6, 3, 2, 5, 4, 3, 7, 5) F1 (4.86106625518+0j) F2 (3.99849308543+0j) S1 (0.995336746553+0j) S2 (3.99999825884+0j)
M= 68 , F1: (2, 3, 2) , B1: (2, 3, 2) , S1: (6, 2, 2, 5, 2)
M= 68 , F2: (2, 3, 5) , B2: (8, 3, 7) , S2: (2, 8, 5, 5, 4)
sys_state (6, 3, 2, 5, 6, 3, 8, 5) F1 (4.89253770153+0j) F2 (4.0000060145+0j) S1 (0.995387304008+0j) S2 (3.99999990716+0j)
M= 69 , F1: (2, 3, 2) , B1: (2, 3, 2) , S1: (6, 2, 2, 5, 2)
M= 69 , F2: (2, 3, 5) , B2: (8, 3, 8) , S2: (2, 8, 5, 5, 6)
sys_state (6, 3, 2, 5, 6, 3, 8, 5) F1 (4.88584929247+0j) F2 (3.99993705983+0j) S1 (0.995432584582+0j) S2 (3.99999940912+0j)
M= 70 , F1: (2, 3, 2) , B1: (2, 3, 2) , S1: (6, 2, 2, 5, 2)
M= 70 , F2: (2, 3, 5) , B2: (8, 3, 8) , S2: (2, 8, 5, 5, 6)
sys_state (6, 3, 2, 5, 6, 3, 8, 5) F1 (4.96334987145+0j) F2 (3.99927955945+0j) S1 (0.995472842837+0j) S2 (3.99999839179+0j)
M= 71 , F1: (2, 3, 2) , B1: (2, 3, 2) , S1: (6, 2, 2, 5, 2)
M= 71 , F2: (2, 3, 5) , B2: (7, 3, 8) , S2: (2, 7, 5, 5, 6)
sys_state (6, 3, 2, 5, 4, 3, 7, 5) F1 (4.89535158111+0j) F2 (3.98855146571+0j) S1 (0.9955087189+0j) S2 (3.99999786712+0j)
M= 72 , F1: (2, 3, 2) , B1: (2, 3, 2) , S1: (6, 2, 2, 5, 2)
M= 72 , F2: (2, 3, 4) , B2: (8, 3, 7) , S2: (2, 8, 5, 4, 4)
sys_state (5, 3, 2, 5, 6, 3, 8, 5) F1 (3.99995084433+0j) F2 (4.00000861006+0j) S1 (0.99554098451+0j) S2 (3.99999925665+0j)
M= 73 , F1: (2, 3, 2) , B1: (2, 3, 2) , S1: (5, 2, 2, 5, 2)
M= 73 , F2: (2, 3, 4) , B2: (8, 3, 8) , S2: (2, 8, 5, 4, 6)
sys_state (5, 3, 2, 5, 6, 3, 8, 5) F1 (3.99997905561+0j) F2 (3.99517280989+0j) S1 (0.995570229734+0j) S2 (3.99999752404+0j)
M= 74 , F1: (2, 3, 2) , B1: (2, 3, 2) , S1: (5, 2, 2, 5, 2)
M= 74 , F2: (2, 3, 5) , B2: (8, 3, 8) , S2: (2, 8, 5, 5, 6)
sys_state (6, 3, 2, 5, 6, 3, 8, 5) F1 (5.01643077625+0j) F2 (3.99980201711+0j) S1 (0.995597073509+0j) S2 (3.99999815026+0j)
M= 75 , F1: (2, 3, 2) , B1: (2, 3, 2) , S1: (6, 2, 2, 5, 2)
M= 75 , F2: (2, 3, 5) , B2: (8, 3, 8) , S2: (2, 8, 5, 5, 6)
sys_state (6, 3, 2, 5, 8, 3, 8, 5) F1 (5.08362915068+0j) F2 (3.95299185026+0j) S1 (0.995621767769+0j) S2 (3.99999612389+0j)
M= 76 , F1: (2, 3, 2) , B1: (2, 3, 2) , S1: (6, 2, 2, 5, 2)
M= 76 , F2: (2, 3, 6) , B2: (9, 3, 8) , S2: (2, 9, 5, 6, 8)
sys_state (6, 3, 2, 5, 9, 3, 9, 5) F1 (5.99999999835+0j) F2 (3.96025081485+0j) S1 (0.995644352333+0j) S2 (3.99999539049+0j)
M= 77 , F1: (2, 3, 2) , B1: (2, 3, 2) , S1: (6, 2, 2, 5, 2)
M= 77 , F2: (2, 3, 6) , B2: (11, 3, 9) , S2: (2, 11, 5, 6, 9)
sys_state (6, 3, 2, 5, 6, 3, 11, 5) F1 (5.99999999867+0j) F2 (3.99613333926+0j) S1 (0.995665268955+0j) S2 (3.99999615504+0j)
M= 78 , F1: (2, 3, 2) , B1: (2, 3, 2) , S1: (6, 2, 2, 5, 2)
M= 78 , F2: (2, 3, 6) , B2: (10, 3, 11) , S2: (2, 10, 5, 6, 6)
sys_state (6, 3, 2, 5, 6, 3, 10, 5) F1 (5.99999999082+0j) F2 (3.99967656614+0j) S1 (0.995684384269+0j) S2 (3.99999616981+0j)
M= 79 , F1: (2, 3, 2) , B1: (2, 3, 2) , S1: (6, 2, 2, 5, 2)
M= 79 , F2: (2, 3, 6) , B2: (10, 3, 10) , S2: (2, 10, 5, 6, 6)
M = 80  out of  189
sys_state (6, 3, 2, 5, 4, 3, 10, 5) F1 (5.9999999939+0j) F2 (3.99921139214+0j) S1 (0.995701516218+0j) S2 (3.9999979289+0j)
M= 80 , F1: (2, 3, 2) , B1: (2, 3, 2) , S1: (6, 2, 2, 5, 2)
M= 80 , F2: (2, 3, 6) , B2: (10, 3, 10) , S2: (2, 10, 5, 6, 4)
sys_state (6, 3, 2, 5, 5, 3, 10, 5) F1 (5.99999999089+0j) F2 (3.99566921153+0j) S1 (0.995716341767+0j) S2 (3.99999770984+0j)
M= 81 , F1: (2, 3, 2) , B1: (2, 3, 2) , S1: (6, 2, 2, 5, 2)
M= 81 , F2: (2, 3, 5) , B2: (10, 3, 10) , S2: (2, 10, 5, 5, 5)
sys_state (6, 3, 2, 5, 6, 3, 10, 5) F1 (4.95743549708+0j) F2 (3.97732810558+0j) S1 (0.995728595873+0j) S2 (3.99999835026+0j)
M= 82 , F1: (2, 3, 2) , B1: (2, 3, 2) , S1: (6, 2, 2, 5, 2)
M= 82 , F2: (2, 3, 5) , B2: (11, 3, 10) , S2: (2, 11, 5, 5, 6)
sys_state (6, 3, 2, 5, 6, 3, 11, 5) F1 (4.94684902936+0j) F2 (3.99322136964+0j) S1 (0.995738132256+0j) S2 (3.99999818723+0j)
M= 83 , F1: (2, 3, 2) , B1: (2, 3, 2) , S1: (6, 2, 2, 5, 2)
M= 83 , F2: (2, 3, 5) , B2: (9, 3, 11) , S2: (2, 9, 5, 5, 6)
sys_state (6, 3, 2, 5, 6, 3, 9, 5) F1 (4.98688965964+0j) F2 (3.97741735417+0j) S1 (0.995744661796+0j) S2 (3.99999692721+0j)
M= 84 , F1: (2, 3, 2) , B1: (2, 3, 2) , S1: (6, 2, 2, 5, 2)
M= 84 , F2: (2, 3, 6) , B2: (9, 3, 9) , S2: (2, 9, 5, 6, 6)
sys_state (6, 3, 2, 5, 6, 3, 9, 5) F1 (5.99999999289+0j) F2 (3.91908035978+0j) S1 (0.995748042324+0j) S2 (3.99999694104+0j)
M= 85 , F1: (2, 3, 2) , B1: (2, 3, 2) , S1: (6, 2, 2, 5, 2)
M= 85 , F2: (2, 3, 5) , B2: (10, 3, 9) , S2: (2, 10, 5, 5, 6)
sys_state (6, 3, 2, 5, 6, 3, 10, 5) F1 (4.96682582039+0j) F2 (3.85879188786+0j) S1 (0.995748220778+0j) S2 (3.99999670181+0j)
M= 86 , F1: (2, 3, 2) , B1: (2, 3, 2) , S1: (6, 2, 2, 5, 2)
M= 86 , F2: (2, 3, 6) , B2: (10, 3, 10) , S2: (2, 10, 5, 6, 6)
sys_state (6, 3, 2, 5, 6, 3, 10, 5) F1 (5.99999991165+0j) F2 (3.80782502386+0j) S1 (0.9957448725+0j) S2 (3.99999826849+0j)
M= 87 , F1: (2, 3, 2) , B1: (2, 3, 2) , S1: (6, 2, 2, 5, 2)
M= 87 , F2: (2, 3, 5) , B2: (10, 3, 10) , S2: (2, 10, 5, 5, 6)
sys_state (6, 3, 2, 5, 6, 3, 10, 5) F1 (5.03032698819+0j) F2 (3.91521744218+0j) S1 (0.995738030715+0j) S2 (3.9999960346+0j)
M= 88 , F1: (2, 3, 2) , B1: (2, 3, 2) , S1: (6, 2, 2, 5, 2)
M= 88 , F2: (2, 3, 6) , B2: (11, 3, 10) , S2: (2, 11, 5, 6, 6)
sys_state (6, 3, 2, 5, 6, 3, 11, 5) F1 (5.99999953667+0j) F2 (3.65390922758+0j) S1 (0.995727614224+0j) S2 (3.99999727534+0j)
M= 89 , F1: (2, 3, 2) , B1: (2, 3, 2) , S1: (6, 2, 2, 5, 2)
M= 89 , F2: (2, 3, 6) , B2: (11, 3, 11) , S2: (2, 11, 5, 6, 6)
sys_state (6, 3, 2, 5, 6, 3, 11, 5) F1 (5.99999999779+0j) F2 (2.05356503957+0j) S1 (0.995713625919+0j) S2 (3.99999554027+0j)
M= 90 , F1: (2, 3, 2) , B1: (2, 3, 2) , S1: (6, 2, 2, 5, 2)
M= 90 , F2: (2, 3, 5) , B2: (10, 3, 11) , S2: (2, 10, 5, 5, 6)
sys_state (6, 3, 2, 5, 10, 3, 10, 5) F1 (4.96831728987+0j) F2 (4.00727917641+0j) S1 (0.995695363245+0j) S2 (3.99999730341+0j)
M= 91 , F1: (2, 3, 2) , B1: (2, 3, 2) , S1: (6, 2, 2, 5, 2)
M= 91 , F2: (2, 3, 6) , B2: (11, 3, 10) , S2: (2, 11, 5, 6, 10)
sys_state (6, 3, 2, 5, 10, 3, 11, 5) F1 (5.99999962055+0j) F2 (3.96766160238+0j) S1 (0.995674712886+0j) S2 (3.99999681131+0j)
M= 92 , F1: (2, 3, 2) , B1: (2, 3, 2) , S1: (6, 2, 2, 5, 2)
M= 92 , F2: (2, 3, 6) , B2: (11, 3, 11) , S2: (2, 11, 5, 6, 10)
sys_state (6, 3, 2, 5, 11, 3, 11, 5) F1 (5.99999997114+0j) F2 (3.99563892777+0j) S1 (0.995651426603+0j) S2 (3.99999725606+0j)
M= 93 , F1: (2, 3, 2) , B1: (2, 3, 2) , S1: (6, 2, 2, 5, 2)
M= 93 , F2: (2, 3, 6) , B2: (11, 3, 11) , S2: (2, 11, 5, 6, 11)
sys_state (6, 3, 2, 5, 10, 3, 11, 5) F1 (5.99999997248+0j) F2 (3.47935700163+0j) S1 (0.995625983688+0j) S2 (3.99999409241+0j)
M= 94 , F1: (2, 3, 2) , B1: (2, 3, 2) , S1: (6, 2, 2, 5, 2)
M= 94 , F2: (2, 3, 6) , B2: (11, 3, 11) , S2: (2, 11, 5, 6, 10)
sys_state (6, 3, 2, 5, 11, 3, 11, 5) F1 (5.9999999965+0j) F2 (3.96759018608+0j) S1 (0.995598475559+0j) S2 (3.99999655872+0j)
M= 95 , F1: (2, 3, 2) , B1: (2, 3, 2) , S1: (6, 2, 2, 5, 2)
M= 95 , F2: (2, 3, 6) , B2: (12, 3, 11) , S2: (2, 12, 5, 6, 11)
sys_state (6, 3, 2, 5, 14, 3, 12, 5) F1 (5.99999999654+0j) F2 (3.93093904009+0j) S1 (0.995569406678+0j) S2 (3.99999557384+0j)
M= 96 , F1: (2, 3, 2) , B1: (2, 3, 2) , S1: (6, 2, 2, 5, 2)
M= 96 , F2: (2, 3, 6) , B2: (14, 3, 12) , S2: (2, 14, 5, 6, 14)
sys_state (6, 3, 2, 5, 12, 3, 14, 5) F1 (5.99999999717+0j) F2 (3.93945748891+0j) S1 (0.995538970709+0j) S2 (3.99999520254+0j)
M= 97 , F1: (2, 3, 2) , B1: (2, 3, 2) , S1: (6, 2, 2, 5, 2)
M= 97 , F2: (2, 3, 6) , B2: (14, 3, 14) , S2: (2, 14, 5, 6, 12)
sys_state (6, 3, 2, 5, 8, 3, 14, 5) F1 (5.99999999576+0j) F2 (3.94716380641+0j) S1 (0.995507395014+0j) S2 (3.99999601057+0j)
M= 98 , F1: (2, 3, 2) , B1: (2, 3, 2) , S1: (6, 2, 2, 5, 2)
M= 98 , F2: (2, 3, 6) , B2: (13, 3, 14) , S2: (2, 13, 5, 6, 8)
sys_state (6, 3, 2, 5, 6, 3, 13, 5) F1 (5.99999999501+0j) F2 (3.76524889204+0j) S1 (0.99547483479+0j) S2 (3.99999541461+0j)
M= 99 , F1: (2, 3, 2) , B1: (2, 3, 2) , S1: (6, 2, 2, 5, 2)
M= 99 , F2: (2, 3, 6) , B2: (14, 3, 13) , S2: (2, 14, 5, 6, 6)
M = 100  out of  189
sys_state (6, 3, 2, 5, 8, 3, 14, 5) F1 (5.99999999378+0j) F2 (3.97027740799+0j) S1 (0.995441453812+0j) S2 (3.99999719958+0j)
M= 100 , F1: (1, 3, 2) , B1: (2, 3, 2) , S1: (6, 1, 2, 5, 2)
M= 100 , F2: (2, 3, 6) , B2: (14, 3, 14) , S2: (2, 14, 5, 6, 8)
sys_state (6, 3, 2, 5, 3, 3, 14, 5) F1 (5.9999999948+0j) F2 (1.99762571915+0j) S1 (0.995407103843+0j) S2 (3.99999685483+0j)
M= 101 , F1: (2, 3, 2) , B1: (2, 3, 2) , S1: (6, 2, 2, 5, 2)
M= 101 , F2: (2, 3, 6) , B2: (13, 3, 14) , S2: (2, 13, 5, 6, 3)
sys_state (6, 3, 2, 5, 4, 3, 13, 5) F1 (5.99999999725+0j) F2 (3.99996600998+0j) S1 (0.995373335379+0j) S2 (3.99999680176+0j)
M= 102 , F1: (2, 3, 2) , B1: (2, 3, 2) , S1: (6, 2, 2, 5, 2)
M= 102 , F2: (2, 3, 5) , B2: (13, 3, 13) , S2: (2, 13, 5, 5, 4)
sys_state (6, 3, 2, 5, 6, 3, 13, 5) F1 (5.00794906384+0j) F2 (3.90084451139+0j) S1 (0.995340230068+0j) S2 (3.9999955199+0j)
M= 103 , F1: (2, 3, 2) , B1: (2, 3, 2) , S1: (6, 2, 2, 5, 2)
M= 103 , F2: (2, 3, 6) , B2: (12, 3, 13) , S2: (2, 12, 5, 6, 6)
sys_state (6, 3, 2, 5, 8, 3, 12, 5) F1 (5.9999999609+0j) F2 (3.61746699523+0j) S1 (0.995308713425+0j) S2 (3.99999484469+0j)
M= 104 , F1: (2, 3, 2) , B1: (2, 3, 2) , S1: (6, 2, 2, 5, 2)
M= 104 , F2: (2, 3, 5) , B2: (12, 3, 12) , S2: (2, 12, 5, 5, 8)
sys_state (6, 3, 2, 5, 11, 3, 12, 5) F1 (4.940436887+0j) F2 (3.99219771034+0j) S1 (0.995278674711+0j) S2 (3.99999688398+0j)
M= 105 , F1: (2, 3, 2) , B1: (2, 3, 2) , S1: (6, 2, 2, 5, 2)
M= 105 , F2: (2, 3, 6) , B2: (12, 3, 12) , S2: (2, 12, 5, 6, 11)
sys_state (6, 3, 2, 5, 12, 3, 12, 5) F1 (5.99999981082+0j) F2 (3.94231052736+0j) S1 (0.995250854576+0j) S2 (3.99999587295+0j)
M= 106 , F1: (2, 3, 2) , B1: (2, 3, 2) , S1: (6, 2, 2, 5, 2)
M= 106 , F2: (2, 3, 6) , B2: (13, 3, 12) , S2: (2, 13, 5, 6, 12)
sys_state (6, 3, 2, 5, 14, 3, 13, 5) F1 (5.99999997209+0j) F2 (3.99048543053+0j) S1 (0.995225838919+0j) S2 (3.99999594094+0j)
M= 107 , F1: (2, 3, 2) , B1: (2, 3, 2) , S1: (6, 2, 2, 5, 2)
M= 107 , F2: (2, 3, 6) , B2: (14, 3, 13) , S2: (2, 14, 5, 6, 14)
sys_state (6, 3, 2, 5, 15, 3, 14, 5) F1 (5.99999999005+0j) F2 (3.97375093985+0j) S1 (0.995203875609+0j) S2 (3.9999953577+0j)
M= 108 , F1: (2, 3, 2) , B1: (2, 3, 2) , S1: (6, 2, 2, 5, 2)
M= 108 , F2: (2, 3, 6) , B2: (15, 3, 14) , S2: (2, 15, 5, 6, 15)
sys_state (6, 3, 2, 5, 15, 3, 15, 5) F1 (5.99999998406+0j) F2 (3.99195499495+0j) S1 (0.995185182217+0j) S2 (3.99999525793+0j)
M= 109 , F1: (2, 3, 2) , B1: (2, 3, 2) , S1: (6, 2, 2, 5, 2)
M= 109 , F2: (2, 3, 6) , B2: (15, 3, 15) , S2: (2, 15, 5, 6, 15)
sys_state (6, 3, 2, 5, 14, 3, 15, 5) F1 (5.99999999621+0j) F2 (3.9970267266+0j) S1 (0.995169943822+0j) S2 (3.99999496235+0j)
M= 110 , F1: (2, 3, 2) , B1: (2, 3, 2) , S1: (6, 2, 2, 5, 2)
M= 110 , F2: (2, 3, 6) , B2: (15, 3, 15) , S2: (2, 15, 5, 6, 14)
sys_state (6, 3, 2, 5, 12, 3, 15, 5) F1 (5.99999998676+0j) F2 (3.98849448062+0j) S1 (0.995158039661+0j) S2 (3.99999475202+0j)
M= 111 , F1: (2, 3, 2) , B1: (2, 3, 2) , S1: (6, 2, 2, 5, 2)
M= 111 , F2: (2, 3, 6) , B2: (15, 3, 15) , S2: (2, 15, 5, 6, 12)
sys_state (6, 3, 2, 5, 12, 3, 15, 5) F1 (5.99999996849+0j) F2 (3.99990121631+0j) S1 (0.995149390149+0j) S2 (3.99999472885+0j)
M= 112 , F1: (2, 3, 2) , B1: (2, 3, 2) , S1: (6, 2, 2, 5, 2)
M= 112 , F2: (2, 3, 6) , B2: (15, 3, 15) , S2: (2, 15, 5, 6, 12)
sys_state (6, 3, 2, 5, 14, 3, 15, 5) F1 (5.99999996129+0j) F2 (3.99997175088+0j) S1 (0.995143816465+0j) S2 (3.99999440127+0j)
M= 113 , F1: (2, 3, 2) , B1: (2, 3, 2) , S1: (6, 2, 2, 5, 2)
M= 113 , F2: (2, 3, 6) , B2: (15, 3, 15) , S2: (2, 15, 5, 6, 14)
sys_state (6, 3, 2, 5, 16, 3, 15, 5) F1 (5.99999994805+0j) F2 (3.99984515339+0j) S1 (0.995140979314+0j) S2 (3.99999507137+0j)
M= 114 , F1: (2, 3, 2) , B1: (2, 3, 2) , S1: (6, 2, 2, 5, 2)
M= 114 , F2: (2, 3, 6) , B2: (17, 3, 15) , S2: (2, 17, 5, 6, 16)
sys_state (6, 3, 2, 5, 17, 3, 17, 5) F1 (5.99999999006+0j) F2 (4.00011115101+0j) S1 (0.995140336726+0j) S2 (3.99999427178+0j)
M= 115 , F1: (2, 3, 2) , B1: (2, 3, 2) , S1: (6, 2, 2, 5, 2)
M= 115 , F2: (2, 3, 6) , B2: (19, 3, 17) , S2: (2, 19, 5, 6, 17)
sys_state (6, 3, 2, 5, 18, 3, 19, 5) F1 (5.99999999903+0j) F2 (3.9997506412+0j) S1 (0.99514127521+0j) S2 (3.99999427066+0j)
M= 116 , F1: (2, 3, 2) , B1: (2, 3, 2) , S1: (6, 2, 2, 5, 2)
M= 116 , F2: (2, 3, 6) , B2: (21, 3, 19) , S2: (2, 21, 5, 6, 18)
sys_state (6, 3, 2, 5, 19, 3, 21, 5) F1 (5.99999999956+0j) F2 (3.99994188898+0j) S1 (0.995143146769+0j) S2 (3.99999462673+0j)
M= 117 , F1: (2, 3, 2) , B1: (2, 3, 2) , S1: (6, 2, 2, 5, 2)
M= 117 , F2: (2, 3, 6) , B2: (25, 3, 21) , S2: (2, 25, 5, 6, 19)
sys_state (6, 3, 2, 5, 22, 3, 25, 5) F1 (5.9999999993+0j) F2 (4.00002675065+0j) S1 (0.995145189609+0j) S2 (3.99999532725+0j)
M= 118 , F1: (2, 3, 2) , B1: (2, 3, 2) , S1: (6, 2, 2, 5, 2)
M= 118 , F2: (2, 3, 6) , B2: (23, 3, 25) , S2: (2, 23, 5, 6, 22)
sys_state (6, 3, 2, 5, 22, 3, 23, 5) F1 (5.99999999771+0j) F2 (3.99964974033+0j) S1 (0.995146719711+0j) S2 (3.99999511932+0j)
M= 119 , F1: (2, 3, 2) , B1: (2, 3, 2) , S1: (6, 2, 2, 5, 2)
M= 119 , F2: (2, 3, 6) , B2: (27, 3, 23) , S2: (2, 27, 5, 6, 22)
M = 120  out of  189
sys_state (6, 3, 2, 5, 8, 3, 27, 5) F1 (5.99999999925+0j) F2 (3.99994628376+0j) S1 (0.995146938705+0j) S2 (3.99999453036+0j)
M= 120 , F1: (2, 3, 2) , B1: (2, 3, 2) , S1: (6, 2, 2, 5, 2)
M= 120 , F2: (2, 3, 6) , B2: (29, 3, 27) , S2: (2, 29, 5, 6, 8)
sys_state (6, 3, 2, 5, 5, 3, 29, 5) F1 (5.99999999894+0j) F2 (3.99995516382+0j) S1 (0.995145050159+0j) S2 (3.99999461291+0j)
M= 121 , F1: (2, 3, 2) , B1: (2, 3, 2) , S1: (6, 2, 2, 5, 2)
M= 121 , F2: (2, 3, 6) , B2: (10, 3, 29) , S2: (2, 10, 5, 6, 5)
sys_state (6, 3, 2, 5, 6, 3, 10, 5) F1 (5.99999999979+0j) F2 (3.9988676019+0j) S1 (0.995140451062+0j) S2 (3.99999889997+0j)
M= 122 , F1: (2, 3, 2) , B1: (2, 3, 2) , S1: (6, 2, 2, 5, 2)
M= 122 , F2: (2, 3, 6) , B2: (14, 3, 10) , S2: (2, 14, 5, 6, 6)
sys_state (6, 3, 2, 5, 7, 3, 14, 5) F1 (5.99999999949+0j) F2 (3.99999755456+0j) S1 (0.995132853355+0j) S2 (3.99999852639+0j)
M= 123 , F1: (2, 3, 2) , B1: (2, 3, 2) , S1: (6, 2, 2, 5, 2)
M= 123 , F2: (2, 3, 5) , B2: (11, 3, 14) , S2: (2, 11, 5, 5, 7)
sys_state (6, 3, 2, 5, 8, 3, 11, 5) F1 (4.76541010062+0j) F2 (3.99964955678+0j) S1 (0.99512183408+0j) S2 (3.99999599047+0j)
M= 124 , F1: (2, 3, 2) , B1: (2, 3, 2) , S1: (6, 2, 2, 5, 2)
M= 124 , F2: (2, 3, 5) , B2: (12, 3, 11) , S2: (2, 12, 5, 5, 8)
sys_state (6, 3, 2, 5, 8, 3, 12, 5) F1 (4.76639624988+0j) F2 (3.99968388433+0j) S1 (0.99510680301+0j) S2 (3.99999715226+0j)
M= 125 , F1: (2, 3, 2) , B1: (2, 3, 2) , S1: (6, 2, 2, 5, 2)
M= 125 , F2: (2, 3, 5) , B2: (12, 3, 12) , S2: (2, 12, 5, 5, 8)
sys_state (6, 3, 2, 5, 6, 3, 12, 5) F1 (4.84293937056+0j) F2 (3.99959616741+0j) S1 (0.995087231042+0j) S2 (3.9999955515+0j)
M= 126 , F1: (2, 3, 2) , B1: (2, 3, 2) , S1: (6, 2, 2, 5, 2)
M= 126 , F2: (2, 3, 6) , B2: (12, 3, 12) , S2: (2, 12, 5, 6, 6)
sys_state (6, 3, 2, 5, 8, 3, 12, 5) F1 (5.99999995893+0j) F2 (3.99961543094+0j) S1 (0.995062553507+0j) S2 (3.9999975221+0j)
M= 127 , F1: (2, 3, 2) , B1: (2, 3, 2) , S1: (6, 2, 2, 5, 2)
M= 127 , F2: (2, 3, 6) , B2: (14, 3, 12) , S2: (2, 14, 5, 6, 8)
sys_state (6, 3, 2, 5, 8, 3, 14, 5) F1 (5.99999999964+0j) F2 (3.99999546228+0j) S1 (0.995032209341+0j) S2 (3.99999671949+0j)
M= 128 , F1: (2, 3, 2) , B1: (2, 3, 2) , S1: (6, 2, 2, 5, 2)
M= 128 , F2: (2, 3, 6) , B2: (14, 3, 14) , S2: (2, 14, 5, 6, 8)
sys_state (6, 3, 2, 5, 11, 3, 14, 5) F1 (5.99999999934+0j) F2 (4.00001979944+0j) S1 (0.994995683614+0j) S2 (3.99999651261+0j)
M= 129 , F1: (2, 3, 2) , B1: (2, 3, 2) , S1: (6, 2, 2, 5, 2)
M= 129 , F2: (2, 3, 6) , B2: (15, 3, 14) , S2: (2, 15, 5, 6, 11)
sys_state (6, 3, 2, 5, 11, 3, 15, 5) F1 (5.99999999917+0j) F2 (4.00001021112+0j) S1 (0.994952547077+0j) S2 (3.99999563484+0j)
M= 130 , F1: (2, 3, 2) , B1: (2, 3, 2) , S1: (6, 2, 2, 5, 2)
M= 130 , F2: (2, 3, 6) , B2: (18, 3, 15) , S2: (2, 18, 5, 6, 11)
sys_state (6, 3, 2, 5, 10, 3, 18, 5) F1 (5.99999999962+0j) F2 (3.99999472833+0j) S1 (0.994902287596+0j) S2 (3.99999562093+0j)
M= 131 , F1: (2, 3, 2) , B1: (2, 3, 2) , S1: (6, 2, 2, 5, 2)
M= 131 , F2: (2, 3, 6) , B2: (18, 3, 18) , S2: (2, 18, 5, 6, 10)
sys_state (6, 3, 2, 5, 14, 3, 18, 5) F1 (5.99999999893+0j) F2 (4.00003050081+0j) S1 (0.994844425912+0j) S2 (3.99999506747+0j)
M= 132 , F1: (2, 3, 2) , B1: (2, 3, 2) , S1: (6, 2, 2, 5, 2)
M= 132 , F2: (2, 3, 6) , B2: (20, 3, 18) , S2: (2, 20, 5, 6, 14)
sys_state (6, 3, 2, 5, 18, 3, 20, 5) F1 (5.99999999899+0j) F2 (4.00000229191+0j) S1 (0.994778574913+0j) S2 (3.99999549659+0j)
M= 133 , F1: (2, 3, 2) , B1: (2, 3, 2) , S1: (6, 2, 2, 5, 2)
M= 133 , F2: (2, 3, 6) , B2: (18, 3, 20) , S2: (2, 18, 5, 6, 18)
sys_state (6, 3, 2, 5, 24, 3, 18, 5) F1 (5.99999999845+0j) F2 (3.99781818962+0j) S1 (0.994704564629+0j) S2 (3.99999474186+0j)
M= 134 , F1: (2, 3, 2) , B1: (2, 3, 2) , S1: (6, 2, 2, 5, 2)
M= 134 , F2: (2, 3, 6) , B2: (24, 3, 18) , S2: (2, 24, 5, 6, 24)
sys_state (6, 3, 2, 5, 19, 3, 24, 5) F1 (5.99999999883+0j) F2 (4.0000048833+0j) S1 (0.994622385794+0j) S2 (3.99999534653+0j)
M= 135 , F1: (2, 3, 2) , B1: (2, 3, 2) , S1: (6, 2, 2, 5, 2)
M= 135 , F2: (2, 3, 6) , B2: (29, 3, 24) , S2: (2, 29, 5, 6, 19)
sys_state (6, 3, 2, 5, 14, 3, 29, 5) F1 (5.99999999912+0j) F2 (4.00000777697+0j) S1 (0.9945322566+0j) S2 (3.99999603315+0j)
M= 136 , F1: (2, 3, 2) , B1: (2, 3, 2) , S1: (6, 2, 2, 5, 2)
M= 136 , F2: (2, 3, 6) , B2: (33, 3, 29) , S2: (2, 33, 5, 6, 14)
sys_state (6, 3, 2, 5, 5, 3, 33, 5) F1 (5.99999999927+0j) F2 (4.0000001475+0j) S1 (0.994434634669+0j) S2 (3.99999601215+0j)
M= 137 , F1: (2, 3, 2) , B1: (2, 3, 2) , S1: (6, 2, 2, 5, 2)
M= 137 , F2: (2, 3, 6) , B2: (30, 3, 33) , S2: (2, 30, 5, 6, 5)
sys_state (6, 3, 2, 5, 4, 3, 30, 5) F1 (5.99999999861+0j) F2 (3.99999892744+0j) S1 (0.994330119127+0j) S2 (3.99999756392+0j)
M= 138 , F1: (2, 3, 2) , B1: (2, 3, 2) , S1: (6, 2, 2, 5, 2)
M= 138 , F2: (2, 3, 5) , B2: (18, 3, 30) , S2: (2, 18, 5, 5, 4)
sys_state (6, 3, 2, 5, 4, 3, 18, 5) F1 (4.76020276795+0j) F2 (3.99999999711+0j) S1 (0.994219510926+0j) S2 (3.99999904689+0j)
M= 139 , F1: (2, 3, 2) , B1: (2, 3, 2) , S1: (6, 2, 2, 5, 2)
M= 139 , F2: (2, 3, 5) , B2: (13, 3, 18) , S2: (2, 13, 5, 5, 4)
M = 140  out of  189
sys_state (6, 3, 2, 5, 4, 3, 13, 5) F1 (4.77481587087+0j) F2 (3.99999999331+0j) S1 (0.994103799305+0j) S2 (3.99999927784+0j)
M= 140 , F1: (2, 3, 2) , B1: (2, 3, 2) , S1: (6, 2, 2, 5, 2)
M= 140 , F2: (2, 3, 5) , B2: (13, 3, 13) , S2: (2, 13, 5, 5, 4)
sys_state (6, 3, 2, 5, 4, 3, 13, 5) F1 (5.22755258663+0j) F2 (3.99999998205+0j) S1 (0.993984023443+0j) S2 (3.99999955864+0j)
M= 141 , F1: (2, 3, 2) , B1: (2, 3, 2) , S1: (6, 2, 2, 5, 2)
M= 141 , F2: (2, 3, 4) , B2: (8, 3, 13) , S2: (2, 8, 5, 4, 4)
sys_state (5, 3, 2, 5, 6, 3, 8, 5) F1 (3.99996790916+0j) F2 (4.00000169952+0j) S1 (0.993861478713+0j) S2 (3.99999863946+0j)
M= 142 , F1: (2, 3, 2) , B1: (2, 3, 2) , S1: (5, 2, 2, 5, 2)
M= 142 , F2: (2, 3, 5) , B2: (9, 3, 8) , S2: (2, 9, 5, 5, 6)
sys_state (6, 3, 2, 5, 6, 3, 9, 5) F1 (5.22638866766+0j) F2 (3.95651711562+0j) S1 (0.993737778177+0j) S2 (3.99999727404+0j)
M= 143 , F1: (2, 3, 2) , B1: (2, 3, 2) , S1: (6, 2, 2, 5, 2)
M= 143 , F2: (2, 3, 6) , B2: (12, 3, 9) , S2: (2, 12, 5, 6, 6)
sys_state (6, 3, 2, 5, 8, 3, 12, 5) F1 (5.99999998395+0j) F2 (4.0003105356+0j) S1 (0.993614441768+0j) S2 (3.99999754292+0j)
M= 144 , F1: (2, 3, 2) , B1: (2, 3, 2) , S1: (6, 2, 2, 5, 2)
M= 144 , F2: (2, 3, 6) , B2: (13, 3, 12) , S2: (2, 13, 5, 6, 8)
sys_state (6, 3, 2, 5, 8, 3, 13, 5) F1 (5.99999999881+0j) F2 (4.00001507134+0j) S1 (0.993493149853+0j) S2 (3.99999636408+0j)
M= 145 , F1: (2, 3, 2) , B1: (2, 3, 2) , S1: (6, 2, 2, 5, 2)
M= 145 , F2: (2, 3, 6) , B2: (13, 3, 13) , S2: (2, 13, 5, 6, 8)
sys_state (6, 3, 2, 5, 8, 3, 13, 5) F1 (5.99999999727+0j) F2 (4.00010846763+0j) S1 (0.993375462623+0j) S2 (3.99999634937+0j)
M= 146 , F1: (2, 3, 2) , B1: (2, 3, 2) , S1: (6, 2, 2, 5, 2)
M= 146 , F2: (2, 3, 6) , B2: (13, 3, 13) , S2: (2, 13, 5, 6, 8)
sys_state (6, 3, 2, 5, 12, 3, 13, 5) F1 (5.99999999825+0j) F2 (4.00004589908+0j) S1 (0.993262866629+0j) S2 (3.99999681544+0j)
M= 147 , F1: (2, 3, 2) , B1: (2, 3, 2) , S1: (6, 2, 2, 5, 2)
M= 147 , F2: (2, 3, 6) , B2: (14, 3, 13) , S2: (2, 14, 5, 6, 12)
sys_state (6, 3, 2, 5, 15, 3, 14, 5) F1 (5.99999999934+0j) F2 (4.00010857358+0j) S1 (0.993156913216+0j) S2 (3.99999582339+0j)
M= 148 , F1: (2, 3, 2) , B1: (2, 3, 2) , S1: (6, 2, 2, 5, 2)
M= 148 , F2: (2, 3, 6) , B2: (13, 3, 14) , S2: (2, 13, 5, 6, 15)
sys_state (6, 3, 2, 5, 15, 3, 13, 5) F1 (5.99999999346+0j) F2 (3.99710324569+0j) S1 (0.993059055609+0j) S2 (3.99999405468+0j)
M= 149 , F1: (2, 3, 2) , B1: (2, 3, 2) , S1: (6, 2, 2, 5, 2)
M= 149 , F2: (2, 3, 6) , B2: (14, 3, 13) , S2: (2, 14, 5, 6, 15)
sys_state (6, 3, 2, 5, 11, 3, 14, 5) F1 (5.99999999974+0j) F2 (4.00002294082+0j) S1 (0.992970711449+0j) S2 (3.99999443496+0j)
M= 150 , F1: (2, 3, 2) , B1: (2, 3, 2) , S1: (6, 2, 2, 5, 2)
M= 150 , F2: (2, 3, 6) , B2: (15, 3, 14) , S2: (2, 15, 5, 6, 11)
sys_state (6, 3, 2, 5, 10, 3, 15, 5) F1 (5.99999999765+0j) F2 (3.99973414879+0j) S1 (0.992893166434+0j) S2 (3.99999402362+0j)
M= 151 , F1: (2, 3, 2) , B1: (2, 3, 2) , S1: (6, 2, 2, 5, 2)
M= 151 , F2: (2, 3, 6) , B2: (17, 3, 15) , S2: (2, 17, 5, 6, 10)
sys_state (6, 3, 2, 5, 11, 3, 17, 5) F1 (5.99999999547+0j) F2 (4.00000816444+0j) S1 (0.99282767525+0j) S2 (3.99999489343+0j)
M= 152 , F1: (2, 3, 2) , B1: (2, 3, 2) , S1: (6, 2, 2, 5, 2)
M= 152 , F2: (2, 3, 6) , B2: (15, 3, 17) , S2: (2, 15, 5, 6, 11)
sys_state (6, 3, 2, 5, 10, 3, 15, 5) F1 (5.99999999672+0j) F2 (3.99999669545+0j) S1 (0.992775453833+0j) S2 (3.99999547308+0j)
M= 153 , F1: (2, 3, 2) , B1: (2, 3, 2) , S1: (6, 2, 2, 5, 2)
M= 153 , F2: (2, 3, 6) , B2: (14, 3, 15) , S2: (2, 14, 5, 6, 10)
sys_state (6, 3, 2, 5, 6, 3, 14, 5) F1 (5.99999999627+0j) F2 (4.00001841353+0j) S1 (0.992737669728+0j) S2 (3.99999525946+0j)
M= 154 , F1: (2, 3, 2) , B1: (2, 3, 2) , S1: (6, 2, 2, 5, 2)
M= 154 , F2: (2, 3, 6) , B2: (15, 3, 14) , S2: (2, 15, 5, 6, 6)
sys_state (6, 3, 2, 5, 6, 3, 15, 5) F1 (5.99999999901+0j) F2 (4.00000002311+0j) S1 (0.992715463917+0j) S2 (3.99999606796+0j)
M= 155 , F1: (2, 3, 2) , B1: (2, 3, 2) , S1: (6, 2, 2, 5, 2)
M= 155 , F2: (2, 3, 6) , B2: (17, 3, 15) , S2: (2, 17, 5, 6, 6)
sys_state (6, 3, 2, 5, 6, 3, 17, 5) F1 (5.99999999978+0j) F2 (4.00000100073+0j) S1 (0.992709807729+0j) S2 (3.99999674185+0j)
M= 156 , F1: (2, 3, 2) , B1: (2, 3, 2) , S1: (6, 2, 2, 5, 2)
M= 156 , F2: (2, 3, 6) , B2: (18, 3, 17) , S2: (2, 18, 5, 6, 6)
sys_state (6, 3, 2, 5, 6, 3, 18, 5) F1 (5.99999999826+0j) F2 (4.00000162682+0j) S1 (0.992721551208+0j) S2 (3.99999705758+0j)
M= 157 , F1: (2, 3, 2) , B1: (2, 3, 2) , S1: (6, 2, 2, 5, 2)
M= 157 , F2: (2, 3, 6) , B2: (18, 3, 18) , S2: (2, 18, 5, 6, 6)
sys_state (6, 3, 2, 5, 8, 3, 18, 5) F1 (5.99999999898+0j) F2 (4.00001866472+0j) S1 (0.99275129217+0j) S2 (3.99999697207+0j)
M= 158 , F1: (2, 3, 2) , B1: (2, 3, 2) , S1: (6, 2, 2, 5, 2)
M= 158 , F2: (2, 3, 6) , B2: (16, 3, 18) , S2: (2, 16, 5, 6, 8)
sys_state (6, 3, 2, 5, 9, 3, 16, 5) F1 (5.99999999949+0j) F2 (3.98756706394+0j) S1 (0.992799496733+0j) S2 (3.9999966424+0j)
M= 159 , F1: (2, 3, 2) , B1: (2, 3, 2) , S1: (6, 2, 2, 5, 2)
M= 159 , F2: (2, 3, 6) , B2: (18, 3, 16) , S2: (2, 18, 5, 6, 9)
M = 160  out of  189
sys_state (6, 3, 2, 5, 4, 3, 18, 5) F1 (5.99999999984+0j) F2 (3.99998364577+0j) S1 (0.992866408505+0j) S2 (3.99999502673+0j)
M= 160 , F1: (2, 3, 2) , B1: (2, 3, 2) , S1: (6, 2, 2, 5, 2)
M= 160 , F2: (2, 3, 6) , B2: (19, 3, 18) , S2: (2, 19, 5, 6, 4)
sys_state (6, 3, 2, 5, 4, 3, 19, 5) F1 (5.99999999941+0j) F2 (3.99999995286+0j) S1 (0.992951968772+0j) S2 (3.99999890524+0j)
M= 161 , F1: (2, 3, 2) , B1: (2, 3, 2) , S1: (6, 2, 2, 5, 2)
M= 161 , F2: (2, 3, 4) , B2: (9, 3, 19) , S2: (2, 9, 5, 4, 4)
sys_state (5, 3, 2, 5, 4, 3, 9, 5) F1 (3.99999028228+0j) F2 (3.99999995539+0j) S1 (0.993055970305+0j) S2 (3.99999936206+0j)
M= 162 , F1: (2, 3, 2) , B1: (2, 3, 2) , S1: (5, 2, 2, 5, 2)
M= 162 , F2: (2, 3, 6) , B2: (11, 3, 9) , S2: (2, 11, 5, 6, 4)
sys_state (6, 3, 2, 5, 4, 3, 11, 5) F1 (5.9999999869+0j) F2 (3.99999999046+0j) S1 (0.993178092537+0j) S2 (3.99999936344+0j)
M= 163 , F1: (2, 3, 2) , B1: (2, 3, 2) , S1: (6, 2, 2, 5, 2)
M= 163 , F2: (2, 3, 5) , B2: (10, 3, 11) , S2: (2, 10, 5, 5, 4)
sys_state (6, 3, 2, 5, 4, 3, 10, 5) F1 (5.04824261522+0j) F2 (4.00000001138+0j) S1 (0.993317665512+0j) S2 (3.99999968501+0j)
M= 164 , F1: (2, 3, 2) , B1: (2, 3, 2) , S1: (6, 2, 2, 5, 2)
M= 164 , F2: (2, 3, 5) , B2: (10, 3, 10) , S2: (2, 10, 5, 5, 4)
sys_state (6, 3, 2, 5, 4, 3, 10, 5) F1 (4.98560122165+0j) F2 (4.00000000019+0j) S1 (0.993473804117+0j) S2 (3.9999994993+0j)
M= 165 , F1: (2, 3, 2) , B1: (2, 3, 2) , S1: (6, 2, 2, 5, 2)
M= 165 , F2: (2, 3, 5) , B2: (10, 3, 10) , S2: (2, 10, 5, 5, 4)
sys_state (5, 3, 2, 5, 4, 3, 10, 5) F1 (4.95954601296+0j) F2 (4.00000000001+0j) S1 (0.993645318511+0j) S2 (3.99999965384+0j)
M= 166 , F1: (2, 3, 2) , B1: (2, 3, 2) , S1: (5, 2, 2, 5, 2)
M= 166 , F2: (2, 3, 5) , B2: (10, 3, 10) , S2: (2, 10, 5, 5, 4)
sys_state (5, 3, 2, 5, 4, 3, 10, 5) F1 (4.96579015941+0j) F2 (4.00000000012+0j) S1 (0.993830828364+0j) S2 (3.99999965355+0j)
M= 167 , F1: (2, 3, 2) , B1: (2, 3, 2) , S1: (5, 2, 2, 5, 2)
M= 167 , F2: (2, 3, 5) , B2: (11, 3, 10) , S2: (2, 11, 5, 5, 4)
sys_state (6, 3, 2, 5, 4, 3, 11, 5) F1 (4.97142782969+0j) F2 (4.00000000007+0j) S1 (0.994028769395+0j) S2 (3.99999994282+0j)
M= 168 , F1: (2, 3, 2) , B1: (2, 3, 2) , S1: (6, 2, 2, 5, 2)
M= 168 , F2: (2, 3, 5) , B2: (10, 3, 11) , S2: (2, 10, 5, 5, 4)
sys_state (5, 3, 2, 5, 4, 3, 10, 5) F1 (4.97616743948+0j) F2 (4.00000000004+0j) S1 (0.994237409297+0j) S2 (3.99999988396+0j)
M= 169 , F1: (2, 3, 2) , B1: (2, 3, 2) , S1: (5, 2, 2, 5, 2)
M= 169 , F2: (2, 3, 5) , B2: (11, 3, 10) , S2: (2, 11, 5, 5, 4)
sys_state (6, 3, 2, 5, 4, 3, 11, 5) F1 (4.98266189384+0j) F2 (4.00000000362+0j) S1 (0.994454876479+0j) S2 (3.99999966359+0j)
M= 170 , F1: (2, 3, 2) , B1: (2, 3, 2) , S1: (6, 2, 2, 5, 2)
M= 170 , F2: (2, 3, 5) , B2: (10, 3, 11) , S2: (2, 10, 5, 5, 4)
sys_state (5, 3, 2, 5, 4, 3, 10, 5) F1 (4.98368351051+0j) F2 (4.00000000012+0j) S1 (0.994679184583+0j) S2 (3.9999999138+0j)
M= 171 , F1: (2, 3, 2) , B1: (2, 3, 2) , S1: (5, 2, 2, 5, 2)
M= 171 , F2: (2, 3, 5) , B2: (11, 3, 10) , S2: (2, 11, 5, 5, 4)
sys_state (6, 3, 2, 5, 4, 3, 11, 5) F1 (4.98815048611+0j) F2 (3.99991682343+0j) S1 (0.994908497676+0j) S2 (3.99999949041+0j)
M= 172 , F1: (2, 3, 2) , B1: (2, 3, 2) , S1: (6, 2, 2, 5, 2)
M= 172 , F2: (2, 3, 5) , B2: (9, 3, 11) , S2: (2, 9, 5, 5, 4)
sys_state (6, 3, 2, 5, 4, 3, 9, 5) F1 (5.01159029056+0j) F2 (3.88845652069+0j) S1 (0.995141016124+0j) S2 (3.99999864619+0j)
M= 173 , F1: (2, 3, 2) , B1: (2, 3, 2) , S1: (6, 2, 2, 5, 2)
M= 173 , F2: (2, 3, 5) , B2: (10, 3, 9) , S2: (2, 10, 5, 5, 4)
sys_state (5, 3, 2, 5, 4, 3, 10, 5) F1 (4.98964216665+0j) F2 (3.99999999771+0j) S1 (0.995374965454+0j) S2 (3.99999980133+0j)
M= 174 , F1: (2, 3, 2) , B1: (2, 3, 2) , S1: (5, 2, 2, 5, 2)
M= 174 , F2: (2, 3, 5) , B2: (11, 3, 10) , S2: (2, 11, 5, 5, 4)
sys_state (6, 3, 2, 5, 4, 3, 11, 5) F1 (4.99804604683+0j) F2 (3.99999999878+0j) S1 (0.995608559541+0j) S2 (3.9999991662+0j)
M= 175 , F1: (2, 3, 2) , B1: (2, 3, 2) , S1: (6, 2, 2, 5, 2)
M= 175 , F2: (2, 3, 5) , B2: (11, 3, 11) , S2: (2, 11, 5, 5, 4)
sys_state (6, 3, 2, 5, 4, 3, 11, 5) F1 (4.99247264153+0j) F2 (4.00000000633+0j) S1 (0.995839599434+0j) S2 (3.99999890486+0j)
M= 176 , F1: (2, 3, 2) , B1: (2, 3, 2) , S1: (6, 2, 2, 5, 2)
M= 176 , F2: (2, 3, 5) , B2: (11, 3, 11) , S2: (2, 11, 5, 5, 4)
sys_state (6, 3, 2, 5, 4, 3, 11, 5) F1 (4.99117810176+0j) F2 (4.00000000506+0j) S1 (0.996066011187+0j) S2 (3.99999856137+0j)
M= 177 , F1: (2, 3, 2) , B1: (2, 3, 2) , S1: (6, 2, 2, 5, 2)
M= 177 , F2: (2, 3, 5) , B2: (11, 3, 11) , S2: (2, 11, 5, 5, 4)
sys_state (6, 3, 2, 5, 4, 3, 11, 5) F1 (4.9928909616+0j) F2 (4.00000000037+0j) S1 (0.996285604132+0j) S2 (3.99999898148+0j)
M= 178 , F1: (2, 3, 2) , B1: (2, 3, 2) , S1: (6, 2, 2, 5, 2)
M= 178 , F2: (2, 3, 5) , B2: (11, 3, 11) , S2: (2, 11, 5, 5, 4)
sys_state (6, 3, 2, 5, 6, 3, 11, 5) F1 (5.00934394284+0j) F2 (3.98122396427+0j) S1 (0.996496436222+0j) S2 (3.99999751966+0j)
M= 179 , F1: (2, 3, 2) , B1: (2, 3, 2) , S1: (6, 2, 2, 5, 2)
M= 179 , F2: (2, 3, 5) , B2: (12, 3, 11) , S2: (2, 12, 5, 5, 6)
M = 180  out of  189
sys_state (6, 3, 2, 5, 6, 3, 12, 5) F1 (5.00831928445+0j) F2 (3.99925285735+0j) S1 (0.996695833193+0j) S2 (3.99999789605+0j)
M= 180 , F1: (2, 3, 2) , B1: (2, 3, 2) , S1: (6, 2, 2, 5, 2)
M= 180 , F2: (2, 3, 5) , B2: (13, 3, 12) , S2: (2, 13, 5, 5, 6)
sys_state (6, 3, 2, 5, 7, 3, 13, 5) F1 (4.99884448455+0j) F2 (4.00020106979+0j) S1 (0.996882935564+0j) S2 (3.99999866345+0j)
M= 181 , F1: (2, 3, 2) , B1: (2, 3, 2) , S1: (6, 2, 2, 5, 2)
M= 181 , F2: (2, 3, 5) , B2: (11, 3, 13) , S2: (2, 11, 5, 5, 7)
sys_state (5, 3, 2, 5, 6, 3, 11, 5) F1 (4.9908542124+0j) F2 (3.99965318002+0j) S1 (0.997055366218+0j) S2 (3.99999812799+0j)
M= 182 , F1: (2, 3, 2) , B1: (2, 3, 2) , S1: (5, 2, 2, 5, 2)
M= 182 , F2: (2, 3, 5) , B2: (12, 3, 11) , S2: (2, 12, 5, 5, 6)
sys_state (6, 3, 2, 5, 8, 3, 12, 5) F1 (4.99678828624+0j) F2 (3.99978204569+0j) S1 (0.997211654457+0j) S2 (3.99999612743+0j)
M= 183 , F1: (2, 3, 2) , B1: (2, 3, 2) , S1: (6, 2, 2, 5, 2)
M= 183 , F2: (2, 3, 5) , B2: (12, 3, 12) , S2: (2, 12, 5, 5, 8)
sys_state (6, 3, 2, 5, 8, 3, 12, 5) F1 (5.00616308169+0j) F2 (4.00013167594+0j) S1 (0.997350223693+0j) S2 (3.99999759292+0j)
M= 184 , F1: (2, 3, 2) , B1: (2, 3, 2) , S1: (6, 2, 2, 5, 2)
M= 184 , F2: (2, 3, 5) , B2: (12, 3, 12) , S2: (2, 12, 5, 5, 8)
sys_state (6, 3, 2, 5, 8, 3, 12, 5) F1 (5.0069852882+0j) F2 (4.00023627555+0j) S1 (0.997469814165+0j) S2 (3.9999958578+0j)
M= 185 , F1: (2, 3, 2) , B1: (2, 3, 2) , S1: (6, 2, 2, 5, 2)
M= 185 , F2: (2, 3, 5) , B2: (11, 3, 12) , S2: (2, 11, 5, 5, 8)
sys_state (6, 3, 2, 5, 8, 3, 11, 5) F1 (5.0043468287+0j) F2 (4.00021621873+0j) S1 (0.997569338163+0j) S2 (3.99999717254+0j)
M= 186 , F1: (2, 3, 2) , B1: (2, 3, 2) , S1: (6, 2, 2, 5, 2)
M= 186 , F2: (2, 3, 5) , B2: (11, 3, 11) , S2: (2, 11, 5, 5, 8)
sys_state (6, 3, 2, 5, 8, 3, 11, 5) F1 (5.00585974308+0j) F2 (3.99969143607+0j) S1 (0.997647810589+0j) S2 (3.99999623669+0j)
M= 187 , F1: (2, 3, 2) , B1: (2, 3, 2) , S1: (6, 2, 2, 5, 2)
M= 187 , F2: (2, 3, 5) , B2: (12, 3, 11) , S2: (2, 12, 5, 5, 8)
sys_state (6, 3, 2, 5, 10, 3, 12, 5) F1 (5.00466795658+0j) F2 (3.99962102063+0j) S1 (0.997704641478+0j) S2 (3.99999515629+0j)
M= 188 , F1: (2, 3, 2) , B1: (2, 3, 2) , S1: (6, 2, 2, 5, 2)
M= 188 , F2: (2, 3, 6) , B2: (13, 3, 12) , S2: (2, 13, 5, 6, 10)
sys_state (6, 3, 2, 5, 12, 3, 13, 5) F1 (5.99999997221+0j) F2 (3.99983716136+0j) S1 (0.997739348767+0j) S2 (3.99999614833+0j)
M= 189 , F1: (2, 3, 2) , B1: (2, 3, 2) , S1: (6, 2, 2, 5, 2)
M= 189 , F2: (2, 3, 6) , B2: (14, 3, 13) , S2: (2, 14, 5, 6, 12)
sys_state (6, 3, 2, 5, 12, 3, 14, 5) F1 (5.99999999927+0j) F2 (3.99986608309+0j) S1 (0.997751944648+0j) S2 (3.99999599546+0j)
M= 190 , F1: (2, 3, 2) , B1: (2, 3, 2) , S1: (6, 2, 2, 5, 2)
M= 190 , F2: (2, 3, 6) , B2: (15, 3, 14) , S2: (2, 15, 5, 6, 12)
sys_state (6, 3, 2, 5, 12, 3, 15, 5) F1 (5.99999999847+0j) F2 (3.99747061707+0j) S1 (0.997742530543+0j) S2 (3.99999496058+0j)
M= 191 , F1: (2, 3, 2) , B1: (2, 3, 2) , S1: (6, 2, 2, 5, 2)
M= 191 , F2: (2, 3, 6) , B2: (14, 3, 15) , S2: (2, 14, 5, 6, 12)
sys_state (6, 3, 2, 5, 10, 3, 14, 5) F1 (5.9999999992+0j) F2 (3.9986761574+0j) S1 (0.997711586134+0j) S2 (3.99999467329+0j)
M= 192 , F1: (2, 3, 2) , B1: (2, 3, 2) , S1: (6, 2, 2, 5, 2)
M= 192 , F2: (2, 3, 5) , B2: (12, 3, 14) , S2: (2, 12, 5, 5, 10)
sys_state (5, 3, 2, 5, 8, 3, 12, 5) F1 (4.99036143255+0j) F2 (3.98063852073+0j) S1 (0.997660230838+0j) S2 (3.99999546399+0j)
M= 193 , F1: (2, 3, 2) , B1: (2, 3, 2) , S1: (5, 2, 2, 5, 2)
M= 193 , F2: (2, 3, 6) , B2: (13, 3, 12) , S2: (2, 13, 5, 6, 8)
sys_state (6, 3, 2, 5, 6, 3, 13, 5) F1 (5.99999999402+0j) F2 (3.99845586979+0j) S1 (0.997589425613+0j) S2 (3.99999660987+0j)
M= 194 , F1: (2, 3, 2) , B1: (2, 3, 2) , S1: (6, 2, 2, 5, 2)
M= 194 , F2: (2, 3, 6) , B2: (14, 3, 13) , S2: (2, 14, 5, 6, 6)
sys_state (6, 3, 2, 5, 6, 3, 14, 5) F1 (5.99999999456+0j) F2 (3.99178832688+0j) S1 (0.997500338863+0j) S2 (3.99999553583+0j)
M= 195 , F1: (2, 3, 2) , B1: (2, 3, 2) , S1: (6, 2, 2, 5, 2)
M= 195 , F2: (2, 3, 6) , B2: (16, 3, 14) , S2: (2, 16, 5, 6, 6)
sys_state (6, 3, 2, 5, 9, 3, 16, 5) F1 (5.99999999628+0j) F2 (4.00002723656+0j) S1 (0.997393849156+0j) S2 (3.99999731165+0j)
M= 196 , F1: (2, 3, 2) , B1: (2, 3, 2) , S1: (6, 2, 2, 5, 2)
M= 196 , F2: (2, 3, 6) , B2: (15, 3, 16) , S2: (2, 15, 5, 6, 9)
sys_state (6, 3, 2, 5, 10, 3, 15, 5) F1 (5.99999999703+0j) F2 (3.99835612989+0j) S1 (0.997271303875+0j) S2 (3.99999511644+0j)
M= 197 , F1: (2, 3, 2) , B1: (2, 3, 2) , S1: (6, 2, 2, 5, 2)
M= 197 , F2: (2, 3, 6) , B2: (15, 3, 15) , S2: (2, 15, 5, 6, 10)
